[0110/003752.905:ERROR:directory_reader_win.cc(43)] FindFirstFile: The system cannot find the path specified. (0x3)
[0110/021958.039:ERROR:process_memory_win.cc(73)] ReadMemory at 0x7ff6124c0000 of 64 bytes failed: Only part of a ReadProcessMemory or WriteProcessMemory request was completed. (0x12B)
[0110/021958.039:WARNING:pe_image_reader.cc(340)] could not read dos header from C:\Program Files (x86)\Google\Chrome\Application\chrome.exe
[0110/021958.039:ERROR:process_memory_win.cc(73)] ReadMemory at 0x7ffe7c330000 of 64 bytes failed: Only part of a ReadProcessMemory or WriteProcessMemory request was completed. (0x12B)
[0110/021958.039:WARNING:pe_image_reader.cc(340)] could not read dos header from C:\Windows\SYSTEM32\ntdll.dll
[0110/021958.039:ERROR:process_memory_win.cc(73)] ReadMemory at 0x7ffe79ba0000 of 64 bytes failed: Only part of a ReadProcessMemory or WriteProcessMemory request was completed. (0x12B)
[0110/021958.039:WARNING:pe_image_reader.cc(340)] could not read dos header from C:\Windows\System32\KERNEL32.DLL
[0110/021958.039:ERROR:process_memory_win.cc(73)] ReadMemory at 0x7ffe792b0000 of 64 bytes failed: Only part of a ReadProcessMemory or WriteProcessMemory request was completed. (0x12B)
[0110/021958.039:WARNING:pe_image_reader.cc(340)] could not read dos header from C:\Windows\System32\KERNELBASE.dll
[0110/021958.039:ERROR:process_memory_win.cc(73)] ReadMemory at 0x7ffe719b0000 of 64 bytes failed: Only part of a ReadProcessMemory or WriteProcessMemory request was completed. (0x12B)
[0110/021958.039:WARNING:pe_image_reader.cc(340)] could not read dos header from C:\Program Files (x86)\Google\Chrome\Application\87.0.4280.88\chrome_elf.dll
[0110/021958.039:ERROR:process_memory_win.cc(73)] ReadMemory at 0x7ffe73ca0000 of 64 bytes failed: Only part of a ReadProcessMemory or WriteProcessMemory request was completed. (0x12B)
[0110/021958.039:WARNING:pe_image_reader.cc(340)] could not read dos header from C:\Windows\SYSTEM32\VERSION.dll
[0110/021958.039:ERROR:process_memory_win.cc(73)] ReadMemory at 0x7ffe7c260000 of 64 bytes failed: Only part of a ReadProcessMemory or WriteProcessMemory request was completed. (0x12B)
[0110/021958.039:WARNING:pe_image_reader.cc(340)] could not read dos header from C:\Windows\System32\msvcrt.dll
[0110/021958.039:ERROR:process_memory_win.cc(73)] ReadMemory at 0x7ffe79050000 of 64 bytes failed: Only part of a ReadProcessMemory or WriteProcessMemory request was completed. (0x12B)
[0110/021958.039:WARNING:pe_image_reader.cc(340)] could not read dos header from C:\Windows\System32\bcryptPrimitives.dll
[0110/021958.039:ERROR:process_memory_win.cc(73)] ReadMemory at 0x7ffe7b490000 of 64 bytes failed: Only part of a ReadProcessMemory or WriteProcessMemory request was completed. (0x12B)
[0110/021958.039:WARNING:pe_image_reader.cc(340)] could not read dos header from C:\Windows\System32\ADVAPI32.dll
[0110/021958.039:ERROR:process_memory_win.cc(73)] ReadMemory at 0x7ffe79b00000 of 64 bytes failed: Only part of a ReadProcessMemory or WriteProcessMemory request was completed. (0x12B)
[0110/021958.039:WARNING:pe_image_reader.cc(340)] could not read dos header from C:\Windows\System32\sechost.dll
[0110/021958.039:ERROR:process_memory_win.cc(73)] ReadMemory at 0x7ffe797e0000 of 64 bytes failed: Only part of a ReadProcessMemory or WriteProcessMemory request was completed. (0x12B)
[0110/021958.039:WARNING:pe_image_reader.cc(340)] could not read dos header from C:\Windows\System32\RPCRT4.dll
[0110/021958.039:ERROR:process_memory_win.cc(73)] ReadMemory at 0x7ffe22730000 of 64 bytes failed: Only part of a ReadProcessMemory or WriteProcessMemory request was completed. (0x12B)
[0110/021958.039:WARNING:pe_image_reader.cc(340)] could not read dos header from C:\Program Files (x86)\Google\Chrome\Application\87.0.4280.88\chrome.dll
[0110/021958.039:ERROR:process_memory_win.cc(73)] ReadMemory at 0x7ffe7b3c0000 of 64 bytes failed: Only part of a ReadProcessMemory or WriteProcessMemory request was completed. (0x12B)
[0110/021958.039:WARNING:pe_image_reader.cc(340)] could not read dos header from C:\Windows\System32\WS2_32.dll
[0110/021958.039:ERROR:process_memory_win.cc(73)] ReadMemory at 0x7ffe7b220000 of 64 bytes failed: Only part of a ReadProcessMemory or WriteProcessMemory request was completed. (0x12B)
[0110/021958.039:WARNING:pe_image_reader.cc(340)] could not read dos header from C:\Windows\System32\OLEAUT32.dll
[0110/021958.039:ERROR:process_memory_win.cc(73)] ReadMemory at 0x7ffe784b0000 of 64 bytes failed: Only part of a ReadProcessMemory or WriteProcessMemory request was completed. (0x12B)
[0110/021958.039:WARNING:pe_image_reader.cc(340)] could not read dos header from C:\Windows\System32\msvcp_win.dll
[0110/021958.039:ERROR:process_memory_win.cc(73)] ReadMemory at 0x7ffe791b0000 of 64 bytes failed: Only part of a ReadProcessMemory or WriteProcessMemory request was completed. (0x12B)
[0110/021958.039:WARNING:pe_image_reader.cc(340)] could not read dos header from C:\Windows\System32\ucrtbase.dll
[0110/021958.039:ERROR:process_memory_win.cc(73)] ReadMemory at 0x7ffe7beb0000 of 64 bytes failed: Only part of a ReadProcessMemory or WriteProcessMemory request was completed. (0x12B)
[0110/021958.043:WARNING:pe_image_reader.cc(340)] could not read dos header from C:\Windows\System32\combase.dll
[0110/021958.043:ERROR:process_memory_win.cc(73)] ReadMemory at 0x7ffe78430000 of 64 bytes failed: Only part of a ReadProcessMemory or WriteProcessMemory request was completed. (0x12B)
[0110/021958.043:WARNING:pe_image_reader.cc(340)] could not read dos header from C:\Windows\System32\WINTRUST.dll
[0110/021958.043:ERROR:process_memory_win.cc(73)] ReadMemory at 0x7ffe78310000 of 64 bytes failed: Only part of a ReadProcessMemory or WriteProcessMemory request was completed. (0x12B)
[0110/021958.043:WARNING:pe_image_reader.cc(340)] could not read dos header from C:\Windows\System32\MSASN1.dll
[0110/021958.043:ERROR:process_memory_win.cc(73)] ReadMemory at 0x7ffe78550000 of 64 bytes failed: Only part of a ReadProcessMemory or WriteProcessMemory request was completed. (0x12B)
[0110/021958.043:WARNING:pe_image_reader.cc(340)] could not read dos header from C:\Windows\System32\CRYPT32.dll
[0110/021958.043:ERROR:process_memory_win.cc(73)] ReadMemory at 0x7ffe6e320000 of 64 bytes failed: Only part of a ReadProcessMemory or WriteProcessMemory request was completed. (0x12B)
[0110/021958.043:WARNING:pe_image_reader.cc(340)] could not read dos header from C:\Windows\SYSTEM32\dbghelp.dll
[0110/021958.043:ERROR:process_memory_win.cc(73)] ReadMemory at 0x7ffe77840000 of 64 bytes failed: Only part of a ReadProcessMemory or WriteProcessMemory request was completed. (0x12B)
[0110/021958.043:WARNING:pe_image_reader.cc(340)] could not read dos header from C:\Windows\SYSTEM32\IPHLPAPI.DLL
[0110/021958.043:ERROR:process_memory_win.cc(73)] ReadMemory at 0x7ffe76460000 of 64 bytes failed: Only part of a ReadProcessMemory or WriteProcessMemory request was completed. (0x12B)
[0110/021958.043:WARNING:pe_image_reader.cc(340)] could not read dos header from C:\Windows\SYSTEM32\WINMM.dll
[0110/021958.043:ERROR:process_memory_win.cc(73)] ReadMemory at 0x7ffe602d0000 of 64 bytes failed: Only part of a ReadProcessMemory or WriteProcessMemory request was completed. (0x12B)
[0110/021958.043:WARNING:pe_image_reader.cc(340)] could not read dos header from C:\Windows\SYSTEM32\UIAutomationCore.DLL
[0110/021958.043:ERROR:process_memory_win.cc(73)] ReadMemory at 0x7ffe65430000 of 64 bytes failed: Only part of a ReadProcessMemory or WriteProcessMemory request was completed. (0x12B)
[0110/021958.043:WARNING:pe_image_reader.cc(340)] could not read dos header from C:\Windows\SYSTEM32\Secur32.dll
[0110/021958.043:ERROR:process_memory_win.cc(73)] ReadMemory at 0x7ffe78210000 of 64 bytes failed: Only part of a ReadProcessMemory or WriteProcessMemory request was completed. (0x12B)
[0110/021958.043:WARNING:pe_image_reader.cc(340)] could not read dos header from C:\Windows\SYSTEM32\USERENV.dll
[0110/021958.043:ERROR:process_memory_win.cc(73)] ReadMemory at 0x7ffe783b0000 of 64 bytes failed: Only part of a ReadProcessMemory or WriteProcessMemory request was completed. (0x12B)
[0110/021958.043:WARNING:pe_image_reader.cc(340)] could not read dos header from C:\Windows\System32\profapi.dll
[0110/021958.043:ERROR:process_memory_win.cc(73)] ReadMemory at 0x7ffe71fd0000 of 64 bytes failed: Only part of a ReadProcessMemory or WriteProcessMemory request was completed. (0x12B)
[0110/021958.043:WARNING:pe_image_reader.cc(340)] could not read dos header from C:\Windows\SYSTEM32\DWrite.dll
[0110/021958.043:ERROR:process_memory_win.cc(73)] ReadMemory at 0x7ffe65440000 of 64 bytes failed: Only part of a ReadProcessMemory or WriteProcessMemory request was completed. (0x12B)
[0110/021958.043:WARNING:pe_image_reader.cc(340)] could not read dos header from C:\Windows\SYSTEM32\WINSPOOL.DRV
[0110/021958.043:ERROR:process_memory_win.cc(73)] ReadMemory at 0x7ffe78390000 of 64 bytes failed: Only part of a ReadProcessMemory or WriteProcessMemory request was completed. (0x12B)
[0110/021958.043:WARNING:pe_image_reader.cc(340)] could not read dos header from C:\Windows\System32\kernel.appcore.dll
[0110/021958.043:ERROR:process_memory_win.cc(73)] ReadMemory at 0x7ffe79180000 of 64 bytes failed: Only part of a ReadProcessMemory or WriteProcessMemory request was completed. (0x12B)
[0110/021958.043:WARNING:pe_image_reader.cc(340)] could not read dos header from C:\Windows\System32\bcrypt.dll
[0110/021958.043:ERROR:process_memory_win.cc(73)] ReadMemory at 0x7ffe6eed0000 of 64 bytes failed: Only part of a ReadProcessMemory or WriteProcessMemory request was completed. (0x12B)
[0110/021958.043:WARNING:pe_image_reader.cc(340)] could not read dos header from C:\Windows\SYSTEM32\WINHTTP.dll
[0110/021958.043:ERROR:process_memory_win.cc(73)] ReadMemory at 0x7ffe6ed80000 of 64 bytes failed: Only part of a ReadProcessMemory or WriteProcessMemory request was completed. (0x12B)
[0110/021958.043:WARNING:pe_image_reader.cc(340)] could not read dos header from C:\Windows\SYSTEM32\dhcpcsvc.DLL
[0110/021958.043:ERROR:process_memory_win.cc(73)] ReadMemory at 0x1e309580000 of 64 bytes failed: Only part of a ReadProcessMemory or WriteProcessMemory request was completed. (0x12B)
[0110/021958.043:WARNING:pe_image_reader.cc(340)] could not read dos header from C:\Windows\System32\NSI.dll
[0110/021958.043:ERROR:process_memory_win.cc(73)] ReadMemory at 0x7ffe76430000 of 64 bytes failed: Only part of a ReadProcessMemory or WriteProcessMemory request was completed. (0x12B)
[0110/021958.043:WARNING:pe_image_reader.cc(340)] could not read dos header from C:\Windows\SYSTEM32\WINMMBASE.dll
[0110/021958.043:ERROR:process_memory_win.cc(73)] ReadMemory at 0x7ffe783e0000 of 64 bytes failed: Only part of a ReadProcessMemory or WriteProcessMemory request was completed. (0x12B)
[0110/021958.043:WARNING:pe_image_reader.cc(340)] could not read dos header from C:\Windows\System32\cfgmgr32.dll
[0110/021958.043:ERROR:process_memory_win.cc(73)] ReadMemory at 0x7ffe6e620000 of 64 bytes failed: Only part of a ReadProcessMemory or WriteProcessMemory request was completed. (0x12B)
[0110/021958.043:WARNING:pe_image_reader.cc(340)] could not read dos header from C:\Windows\SYSTEM32\Bcp47Langs.dll
[0110/021958.043:ERROR:process_memory_win.cc(73)] ReadMemory at 0x7ffe75c30000 of 64 bytes failed: Only part of a ReadProcessMemory or WriteProcessMemory request was completed. (0x12B)
[0110/021958.043:WARNING:pe_image_reader.cc(340)] could not read dos header from C:\Windows\SYSTEM32\PROPSYS.dll
[0110/021958.043:ERROR:process_memory_win.cc(73)] ReadMemory at 0x7ffe7b170000 of 64 bytes failed: Only part of a ReadProcessMemory or WriteProcessMemory request was completed. (0x12B)
[0110/021958.043:WARNING:pe_image_reader.cc(340)] could not read dos header from C:\Windows\System32\shcore.dll
[0110/021958.043:ERROR:process_memory_win.cc(73)] ReadMemory at 0x7ffe78240000 of 64 bytes failed: Only part of a ReadProcessMemory or WriteProcessMemory request was completed. (0x12B)
[0110/021958.043:WARNING:pe_image_reader.cc(340)] could not read dos header from C:\Windows\SYSTEM32\SSPICLI.DLL
[0110/021958.043:ERROR:process_memory_win.cc(73)] ReadMemory at 0x7ffe77cf0000 of 64 bytes failed: Only part of a ReadProcessMemory or WriteProcessMemory request was completed. (0x12B)
[0110/021958.043:WARNING:pe_image_reader.cc(340)] could not read dos header from C:\Windows\SYSTEM32\CRYPTBASE.DLL
[0110/021958.134:ERROR:process_memory_win.cc(73)] ReadMemory at 0x7ff6124c0000 of 64 bytes failed: Only part of a ReadProcessMemory or WriteProcessMemory request was completed. (0x12B)
[0110/021958.134:WARNING:pe_image_reader.cc(340)] could not read dos header from C:\Program Files (x86)\Google\Chrome\Application\chrome.exe
[0110/021958.134:ERROR:process_memory_win.cc(73)] ReadMemory at 0x7ffe7c330000 of 64 bytes failed: Only part of a ReadProcessMemory or WriteProcessMemory request was completed. (0x12B)
[0110/021958.134:WARNING:pe_image_reader.cc(340)] could not read dos header from C:\Windows\SYSTEM32\ntdll.dll
[0110/021958.134:ERROR:process_memory_win.cc(73)] ReadMemory at 0x7ffe79ba0000 of 64 bytes failed: Only part of a ReadProcessMemory or WriteProcessMemory request was completed. (0x12B)
[0110/021958.134:WARNING:pe_image_reader.cc(340)] could not read dos header from C:\Windows\System32\KERNEL32.DLL
[0110/021958.134:ERROR:process_memory_win.cc(73)] ReadMemory at 0x7ffe792b0000 of 64 bytes failed: Only part of a ReadProcessMemory or WriteProcessMemory request was completed. (0x12B)
[0110/021958.134:WARNING:pe_image_reader.cc(340)] could not read dos header from C:\Windows\System32\KERNELBASE.dll
[0110/021958.134:ERROR:process_memory_win.cc(73)] ReadMemory at 0x7ffe719b0000 of 64 bytes failed: Only part of a ReadProcessMemory or WriteProcessMemory request was completed. (0x12B)
[0110/021958.134:WARNING:pe_image_reader.cc(340)] could not read dos header from C:\Program Files (x86)\Google\Chrome\Application\87.0.4280.88\chrome_elf.dll
[0110/021958.134:ERROR:process_memory_win.cc(73)] ReadMemory at 0x7ffe73ca0000 of 64 bytes failed: Only part of a ReadProcessMemory or WriteProcessMemory request was completed. (0x12B)
[0110/021958.134:WARNING:pe_image_reader.cc(340)] could not read dos header from C:\Windows\SYSTEM32\VERSION.dll
[0110/021958.134:ERROR:process_memory_win.cc(73)] ReadMemory at 0x7ffe7c260000 of 64 bytes failed: Only part of a ReadProcessMemory or WriteProcessMemory request was completed. (0x12B)
[0110/021958.134:WARNING:pe_image_reader.cc(340)] could not read dos header from C:\Windows\System32\msvcrt.dll
[0110/021958.134:ERROR:process_memory_win.cc(73)] ReadMemory at 0x7ffe79050000 of 64 bytes failed: Only part of a ReadProcessMemory or WriteProcessMemory request was completed. (0x12B)
[0110/021958.134:WARNING:pe_image_reader.cc(340)] could not read dos header from C:\Windows\System32\bcryptPrimitives.dll
[0110/021958.134:ERROR:process_memory_win.cc(73)] ReadMemory at 0x7ffe7b490000 of 64 bytes failed: Only part of a ReadProcessMemory or WriteProcessMemory request was completed. (0x12B)
[0110/021958.134:WARNING:pe_image_reader.cc(340)] could not read dos header from C:\Windows\System32\ADVAPI32.dll
[0110/021958.134:ERROR:process_memory_win.cc(73)] ReadMemory at 0x7ffe79b00000 of 64 bytes failed: Only part of a ReadProcessMemory or WriteProcessMemory request was completed. (0x12B)
[0110/021958.134:WARNING:pe_image_reader.cc(340)] could not read dos header from C:\Windows\System32\sechost.dll
[0110/021958.134:ERROR:process_memory_win.cc(73)] ReadMemory at 0x7ffe797e0000 of 64 bytes failed: Only part of a ReadProcessMemory or WriteProcessMemory request was completed. (0x12B)
[0110/021958.134:WARNING:pe_image_reader.cc(340)] could not read dos header from C:\Windows\System32\RPCRT4.dll
[0110/021958.134:ERROR:process_memory_win.cc(73)] ReadMemory at 0x7ffe22730000 of 64 bytes failed: Only part of a ReadProcessMemory or WriteProcessMemory request was completed. (0x12B)
[0110/021958.134:WARNING:pe_image_reader.cc(340)] could not read dos header from C:\Program Files (x86)\Google\Chrome\Application\87.0.4280.88\chrome.dll
[0110/021958.138:ERROR:process_memory_win.cc(73)] ReadMemory at 0x7ffe7b3c0000 of 64 bytes failed: Only part of a ReadProcessMemory or WriteProcessMemory request was completed. (0x12B)
[0110/021958.138:WARNING:pe_image_reader.cc(340)] could not read dos header from C:\Windows\System32\WS2_32.dll
[0110/021958.138:ERROR:process_memory_win.cc(73)] ReadMemory at 0x7ffe7b220000 of 64 bytes failed: Only part of a ReadProcessMemory or WriteProcessMemory request was completed. (0x12B)
[0110/021958.138:WARNING:pe_image_reader.cc(340)] could not read dos header from C:\Windows\System32\OLEAUT32.dll
[0110/021958.138:ERROR:process_memory_win.cc(73)] ReadMemory at 0x7ffe784b0000 of 64 bytes failed: Only part of a ReadProcessMemory or WriteProcessMemory request was completed. (0x12B)
[0110/021958.138:WARNING:pe_image_reader.cc(340)] could not read dos header from C:\Windows\System32\msvcp_win.dll
[0110/021958.138:ERROR:process_memory_win.cc(73)] ReadMemory at 0x7ffe791b0000 of 64 bytes failed: Only part of a ReadProcessMemory or WriteProcessMemory request was completed. (0x12B)
[0110/021958.138:WARNING:pe_image_reader.cc(340)] could not read dos header from C:\Windows\System32\ucrtbase.dll
[0110/021958.138:ERROR:process_memory_win.cc(73)] ReadMemory at 0x7ffe7beb0000 of 64 bytes failed: Only part of a ReadProcessMemory or WriteProcessMemory request was completed. (0x12B)
[0110/021958.138:WARNING:pe_image_reader.cc(340)] could not read dos header from C:\Windows\System32\combase.dll
[0110/021958.138:ERROR:process_memory_win.cc(73)] ReadMemory at 0x7ffe78430000 of 64 bytes failed: Only part of a ReadProcessMemory or WriteProcessMemory request was completed. (0x12B)
[0110/021958.138:WARNING:pe_image_reader.cc(340)] could not read dos header from C:\Windows\System32\WINTRUST.dll
[0110/021958.138:ERROR:process_memory_win.cc(73)] ReadMemory at 0x7ffe78310000 of 64 bytes failed: Only part of a ReadProcessMemory or WriteProcessMemory request was completed. (0x12B)
[0110/021958.138:WARNING:pe_image_reader.cc(340)] could not read dos header from C:\Windows\System32\MSASN1.dll
[0110/021958.138:ERROR:process_memory_win.cc(73)] ReadMemory at 0x7ffe78550000 of 64 bytes failed: Only part of a ReadProcessMemory or WriteProcessMemory request was completed. (0x12B)
[0110/021958.138:WARNING:pe_image_reader.cc(340)] could not read dos header from C:\Windows\System32\CRYPT32.dll
[0110/021958.138:ERROR:process_memory_win.cc(73)] ReadMemory at 0x7ffe6e320000 of 64 bytes failed: Only part of a ReadProcessMemory or WriteProcessMemory request was completed. (0x12B)
[0110/021958.138:WARNING:pe_image_reader.cc(340)] could not read dos header from C:\Windows\SYSTEM32\dbghelp.dll
[0110/021958.138:ERROR:process_memory_win.cc(73)] ReadMemory at 0x7ffe77840000 of 64 bytes failed: Only part of a ReadProcessMemory or WriteProcessMemory request was completed. (0x12B)
[0110/021958.138:WARNING:pe_image_reader.cc(340)] could not read dos header from C:\Windows\SYSTEM32\IPHLPAPI.DLL
[0110/021958.138:ERROR:process_memory_win.cc(73)] ReadMemory at 0x7ffe76460000 of 64 bytes failed: Only part of a ReadProcessMemory or WriteProcessMemory request was completed. (0x12B)
[0110/021958.138:WARNING:pe_image_reader.cc(340)] could not read dos header from C:\Windows\SYSTEM32\WINMM.dll
[0110/021958.138:ERROR:process_memory_win.cc(73)] ReadMemory at 0x7ffe602d0000 of 64 bytes failed: Only part of a ReadProcessMemory or WriteProcessMemory request was completed. (0x12B)
[0110/021958.138:WARNING:pe_image_reader.cc(340)] could not read dos header from C:\Windows\SYSTEM32\UIAutomationCore.DLL
[0110/021958.138:ERROR:process_memory_win.cc(73)] ReadMemory at 0x7ffe65430000 of 64 bytes failed: Only part of a ReadProcessMemory or WriteProcessMemory request was completed. (0x12B)
[0110/021958.138:WARNING:pe_image_reader.cc(340)] could not read dos header from C:\Windows\SYSTEM32\Secur32.dll
[0110/021958.138:ERROR:process_memory_win.cc(73)] ReadMemory at 0x7ffe78210000 of 64 bytes failed: Only part of a ReadProcessMemory or WriteProcessMemory request was completed. (0x12B)
[0110/021958.138:WARNING:pe_image_reader.cc(340)] could not read dos header from C:\Windows\SYSTEM32\USERENV.dll
[0110/021958.138:ERROR:process_memory_win.cc(73)] ReadMemory at 0x7ffe783b0000 of 64 bytes failed: Only part of a ReadProcessMemory or WriteProcessMemory request was completed. (0x12B)
[0110/021958.138:WARNING:pe_image_reader.cc(340)] could not read dos header from C:\Windows\System32\profapi.dll
[0110/021958.138:ERROR:process_memory_win.cc(73)] ReadMemory at 0x7ffe71fd0000 of 64 bytes failed: Only part of a ReadProcessMemory or WriteProcessMemory request was completed. (0x12B)
[0110/021958.138:WARNING:pe_image_reader.cc(340)] could not read dos header from C:\Windows\SYSTEM32\DWrite.dll
[0110/021958.138:ERROR:process_memory_win.cc(73)] ReadMemory at 0x7ffe65440000 of 64 bytes failed: Only part of a ReadProcessMemory or WriteProcessMemory request was completed. (0x12B)
[0110/021958.138:WARNING:pe_image_reader.cc(340)] could not read dos header from C:\Windows\SYSTEM32\WINSPOOL.DRV
[0110/021958.138:ERROR:process_memory_win.cc(73)] ReadMemory at 0x7ffe78390000 of 64 bytes failed: Only part of a ReadProcessMemory or WriteProcessMemory request was completed. (0x12B)
[0110/021958.138:WARNING:pe_image_reader.cc(340)] could not read dos header from C:\Windows\System32\kernel.appcore.dll
[0110/021958.138:ERROR:process_memory_win.cc(73)] ReadMemory at 0x7ffe79180000 of 64 bytes failed: Only part of a ReadProcessMemory or WriteProcessMemory request was completed. (0x12B)
[0110/021958.138:WARNING:pe_image_reader.cc(340)] could not read dos header from C:\Windows\System32\bcrypt.dll
[0110/021958.138:ERROR:process_memory_win.cc(73)] ReadMemory at 0x7ffe6eed0000 of 64 bytes failed: Only part of a ReadProcessMemory or WriteProcessMemory request was completed. (0x12B)
[0110/021958.138:WARNING:pe_image_reader.cc(340)] could not read dos header from C:\Windows\SYSTEM32\WINHTTP.dll
[0110/021958.138:ERROR:process_memory_win.cc(73)] ReadMemory at 0x7ffe6ed80000 of 64 bytes failed: Only part of a ReadProcessMemory or WriteProcessMemory request was completed. (0x12B)
[0110/021958.138:WARNING:pe_image_reader.cc(340)] could not read dos header from C:\Windows\SYSTEM32\dhcpcsvc.DLL
[0110/021958.138:ERROR:process_memory_win.cc(73)] ReadMemory at 0x1e309580000 of 64 bytes failed: Only part of a ReadProcessMemory or WriteProcessMemory request was completed. (0x12B)
[0110/021958.138:WARNING:pe_image_reader.cc(340)] could not read dos header from C:\Windows\System32\NSI.dll
[0110/021958.138:ERROR:process_memory_win.cc(73)] ReadMemory at 0x7ffe76430000 of 64 bytes failed: Only part of a ReadProcessMemory or WriteProcessMemory request was completed. (0x12B)
[0110/021958.138:WARNING:pe_image_reader.cc(340)] could not read dos header from C:\Windows\SYSTEM32\WINMMBASE.dll
[0110/021958.138:ERROR:process_memory_win.cc(73)] ReadMemory at 0x7ffe783e0000 of 64 bytes failed: Only part of a ReadProcessMemory or WriteProcessMemory request was completed. (0x12B)
[0110/021958.138:WARNING:pe_image_reader.cc(340)] could not read dos header from C:\Windows\System32\cfgmgr32.dll
[0110/021958.138:ERROR:process_memory_win.cc(73)] ReadMemory at 0x7ffe6e620000 of 64 bytes failed: Only part of a ReadProcessMemory or WriteProcessMemory request was completed. (0x12B)
[0110/021958.138:WARNING:pe_image_reader.cc(340)] could not read dos header from C:\Windows\SYSTEM32\Bcp47Langs.dll
[0110/021958.138:ERROR:process_memory_win.cc(73)] ReadMemory at 0x7ffe75c30000 of 64 bytes failed: Only part of a ReadProcessMemory or WriteProcessMemory request was completed. (0x12B)
[0110/021958.138:WARNING:pe_image_reader.cc(340)] could not read dos header from C:\Windows\SYSTEM32\PROPSYS.dll
[0110/021958.138:ERROR:process_memory_win.cc(73)] ReadMemory at 0x7ffe7b170000 of 64 bytes failed: Only part of a ReadProcessMemory or WriteProcessMemory request was completed. (0x12B)
[0110/021958.138:WARNING:pe_image_reader.cc(340)] could not read dos header from C:\Windows\System32\shcore.dll
[0110/021958.138:ERROR:process_memory_win.cc(73)] ReadMemory at 0x7ffe78240000 of 64 bytes failed: Only part of a ReadProcessMemory or WriteProcessMemory request was completed. (0x12B)
[0110/021958.138:WARNING:pe_image_reader.cc(340)] could not read dos header from C:\Windows\SYSTEM32\SSPICLI.DLL
[0110/021958.138:ERROR:process_memory_win.cc(73)] ReadMemory at 0x7ffe77cf0000 of 64 bytes failed: Only part of a ReadProcessMemory or WriteProcessMemory request was completed. (0x12B)
[0110/021958.138:WARNING:pe_image_reader.cc(340)] could not read dos header from C:\Windows\SYSTEM32\CRYPTBASE.DLL
[0110/021958.138:ERROR:process_memory_win.cc(73)] ReadMemory at 0x7ff6124c0000 of 64 bytes failed: Only part of a ReadProcessMemory or WriteProcessMemory request was completed. (0x12B)
[0110/021958.138:WARNING:pe_image_reader.cc(340)] could not read dos header from C:\Program Files (x86)\Google\Chrome\Application\chrome.exe
[0110/021958.142:ERROR:process_memory_win.cc(73)] ReadMemory at 0x7ffe7c330000 of 64 bytes failed: Only part of a ReadProcessMemory or WriteProcessMemory request was completed. (0x12B)
[0110/021958.142:WARNING:pe_image_reader.cc(340)] could not read dos header from C:\Windows\SYSTEM32\ntdll.dll
[0110/021958.142:ERROR:process_memory_win.cc(73)] ReadMemory at 0x7ffe79ba0000 of 64 bytes failed: Only part of a ReadProcessMemory or WriteProcessMemory request was completed. (0x12B)
[0110/021958.142:WARNING:pe_image_reader.cc(340)] could not read dos header from C:\Windows\System32\KERNEL32.DLL
[0110/021958.142:ERROR:process_memory_win.cc(73)] ReadMemory at 0x7ffe792b0000 of 64 bytes failed: Only part of a ReadProcessMemory or WriteProcessMemory request was completed. (0x12B)
[0110/021958.142:WARNING:pe_image_reader.cc(340)] could not read dos header from C:\Windows\System32\KERNELBASE.dll
[0110/021958.142:ERROR:process_memory_win.cc(73)] ReadMemory at 0x7ffe719b0000 of 64 bytes failed: Only part of a ReadProcessMemory or WriteProcessMemory request was completed. (0x12B)
[0110/021958.142:WARNING:pe_image_reader.cc(340)] could not read dos header from C:\Program Files (x86)\Google\Chrome\Application\87.0.4280.88\chrome_elf.dll
[0110/021958.142:ERROR:process_memory_win.cc(73)] ReadMemory at 0x7ffe73ca0000 of 64 bytes failed: Only part of a ReadProcessMemory or WriteProcessMemory request was completed. (0x12B)
[0110/021958.142:WARNING:pe_image_reader.cc(340)] could not read dos header from C:\Windows\SYSTEM32\VERSION.dll
[0110/021958.142:ERROR:process_memory_win.cc(73)] ReadMemory at 0x7ffe7c260000 of 64 bytes failed: Only part of a ReadProcessMemory or WriteProcessMemory request was completed. (0x12B)
[0110/021958.142:WARNING:pe_image_reader.cc(340)] could not read dos header from C:\Windows\System32\msvcrt.dll
[0110/021958.142:ERROR:process_memory_win.cc(73)] ReadMemory at 0x7ffe79050000 of 64 bytes failed: Only part of a ReadProcessMemory or WriteProcessMemory request was completed. (0x12B)
[0110/021958.142:WARNING:pe_image_reader.cc(340)] could not read dos header from C:\Windows\System32\bcryptPrimitives.dll
[0110/021958.142:ERROR:process_memory_win.cc(73)] ReadMemory at 0x7ffe7b490000 of 64 bytes failed: Only part of a ReadProcessMemory or WriteProcessMemory request was completed. (0x12B)
[0110/021958.142:WARNING:pe_image_reader.cc(340)] could not read dos header from C:\Windows\System32\ADVAPI32.dll
[0110/021958.142:ERROR:process_memory_win.cc(73)] ReadMemory at 0x7ffe79b00000 of 64 bytes failed: Only part of a ReadProcessMemory or WriteProcessMemory request was completed. (0x12B)
[0110/021958.142:WARNING:pe_image_reader.cc(340)] could not read dos header from C:\Windows\System32\sechost.dll
[0110/021958.142:ERROR:process_memory_win.cc(73)] ReadMemory at 0x7ffe797e0000 of 64 bytes failed: Only part of a ReadProcessMemory or WriteProcessMemory request was completed. (0x12B)
[0110/021958.142:WARNING:pe_image_reader.cc(340)] could not read dos header from C:\Windows\System32\RPCRT4.dll
[0110/021958.142:ERROR:process_memory_win.cc(73)] ReadMemory at 0x7ffe22730000 of 64 bytes failed: Only part of a ReadProcessMemory or WriteProcessMemory request was completed. (0x12B)
[0110/021958.142:WARNING:pe_image_reader.cc(340)] could not read dos header from C:\Program Files (x86)\Google\Chrome\Application\87.0.4280.88\chrome.dll
[0110/021958.142:ERROR:process_memory_win.cc(73)] ReadMemory at 0x7ffe7b3c0000 of 64 bytes failed: Only part of a ReadProcessMemory or WriteProcessMemory request was completed. (0x12B)
[0110/021958.142:WARNING:pe_image_reader.cc(340)] could not read dos header from C:\Windows\System32\WS2_32.dll
[0110/021958.142:ERROR:process_memory_win.cc(73)] ReadMemory at 0x7ffe7b220000 of 64 bytes failed: Only part of a ReadProcessMemory or WriteProcessMemory request was completed. (0x12B)
[0110/021958.142:WARNING:pe_image_reader.cc(340)] could not read dos header from C:\Windows\System32\OLEAUT32.dll
[0110/021958.142:ERROR:process_memory_win.cc(73)] ReadMemory at 0x7ffe784b0000 of 64 bytes failed: Only part of a ReadProcessMemory or WriteProcessMemory request was completed. (0x12B)
[0110/021958.142:WARNING:pe_image_reader.cc(340)] could not read dos header from C:\Windows\System32\msvcp_win.dll
[0110/021958.142:ERROR:process_memory_win.cc(73)] ReadMemory at 0x7ffe791b0000 of 64 bytes failed: Only part of a ReadProcessMemory or WriteProcessMemory request was completed. (0x12B)
[0110/021958.142:WARNING:pe_image_reader.cc(340)] could not read dos header from C:\Windows\System32\ucrtbase.dll
[0110/021958.142:ERROR:process_memory_win.cc(73)] ReadMemory at 0x7ffe7beb0000 of 64 bytes failed: Only part of a ReadProcessMemory or WriteProcessMemory request was completed. (0x12B)
[0110/021958.142:WARNING:pe_image_reader.cc(340)] could not read dos header from C:\Windows\System32\combase.dll
[0110/021958.142:ERROR:process_memory_win.cc(73)] ReadMemory at 0x7ffe78430000 of 64 bytes failed: Only part of a ReadProcessMemory or WriteProcessMemory request was completed. (0x12B)
[0110/021958.142:WARNING:pe_image_reader.cc(340)] could not read dos header from C:\Windows\System32\WINTRUST.dll
[0110/021958.142:ERROR:process_memory_win.cc(73)] ReadMemory at 0x7ffe78310000 of 64 bytes failed: Only part of a ReadProcessMemory or WriteProcessMemory request was completed. (0x12B)
[0110/021958.142:WARNING:pe_image_reader.cc(340)] could not read dos header from C:\Windows\System32\MSASN1.dll
[0110/021958.142:ERROR:process_memory_win.cc(73)] ReadMemory at 0x7ffe78550000 of 64 bytes failed: Only part of a ReadProcessMemory or WriteProcessMemory request was completed. (0x12B)
[0110/021958.142:WARNING:pe_image_reader.cc(340)] could not read dos header from C:\Windows\System32\CRYPT32.dll
[0110/021958.142:ERROR:process_memory_win.cc(73)] ReadMemory at 0x7ffe6e320000 of 64 bytes failed: Only part of a ReadProcessMemory or WriteProcessMemory request was completed. (0x12B)
[0110/021958.142:WARNING:pe_image_reader.cc(340)] could not read dos header from C:\Windows\SYSTEM32\dbghelp.dll
[0110/021958.142:ERROR:process_memory_win.cc(73)] ReadMemory at 0x7ffe77840000 of 64 bytes failed: Only part of a ReadProcessMemory or WriteProcessMemory request was completed. (0x12B)
[0110/021958.142:WARNING:pe_image_reader.cc(340)] could not read dos header from C:\Windows\SYSTEM32\IPHLPAPI.DLL
[0110/021958.142:ERROR:process_memory_win.cc(73)] ReadMemory at 0x7ffe76460000 of 64 bytes failed: Only part of a ReadProcessMemory or WriteProcessMemory request was completed. (0x12B)
[0110/021958.142:WARNING:pe_image_reader.cc(340)] could not read dos header from C:\Windows\SYSTEM32\WINMM.dll
[0110/021958.142:ERROR:process_memory_win.cc(73)] ReadMemory at 0x7ffe602d0000 of 64 bytes failed: Only part of a ReadProcessMemory or WriteProcessMemory request was completed. (0x12B)
[0110/021958.142:WARNING:pe_image_reader.cc(340)] could not read dos header from C:\Windows\SYSTEM32\UIAutomationCore.DLL
[0110/021958.142:ERROR:process_memory_win.cc(73)] ReadMemory at 0x7ffe65430000 of 64 bytes failed: Only part of a ReadProcessMemory or WriteProcessMemory request was completed. (0x12B)
[0110/021958.142:WARNING:pe_image_reader.cc(340)] could not read dos header from C:\Windows\SYSTEM32\Secur32.dll
[0110/021958.142:ERROR:process_memory_win.cc(73)] ReadMemory at 0x7ffe78210000 of 64 bytes failed: Only part of a ReadProcessMemory or WriteProcessMemory request was completed. (0x12B)
[0110/021958.142:WARNING:pe_image_reader.cc(340)] could not read dos header from C:\Windows\SYSTEM32\USERENV.dll
[0110/021958.142:ERROR:process_memory_win.cc(73)] ReadMemory at 0x7ffe783b0000 of 64 bytes failed: Only part of a ReadProcessMemory or WriteProcessMemory request was completed. (0x12B)
[0110/021958.142:WARNING:pe_image_reader.cc(340)] could not read dos header from C:\Windows\System32\profapi.dll
[0110/021958.142:ERROR:process_memory_win.cc(73)] ReadMemory at 0x7ffe71fd0000 of 64 bytes failed: Only part of a ReadProcessMemory or WriteProcessMemory request was completed. (0x12B)
[0110/021958.142:WARNING:pe_image_reader.cc(340)] could not read dos header from C:\Windows\SYSTEM32\DWrite.dll
[0110/021958.142:ERROR:process_memory_win.cc(73)] ReadMemory at 0x7ffe65440000 of 64 bytes failed: Only part of a ReadProcessMemory or WriteProcessMemory request was completed. (0x12B)
[0110/021958.142:WARNING:pe_image_reader.cc(340)] could not read dos header from C:\Windows\SYSTEM32\WINSPOOL.DRV
[0110/021958.142:ERROR:process_memory_win.cc(73)] ReadMemory at 0x7ffe78390000 of 64 bytes failed: Only part of a ReadProcessMemory or WriteProcessMemory request was completed. (0x12B)
[0110/021958.142:WARNING:pe_image_reader.cc(340)] could not read dos header from C:\Windows\System32\kernel.appcore.dll
[0110/021958.142:ERROR:process_memory_win.cc(73)] ReadMemory at 0x7ffe79180000 of 64 bytes failed: Only part of a ReadProcessMemory or WriteProcessMemory request was completed. (0x12B)
[0110/021958.142:WARNING:pe_image_reader.cc(340)] could not read dos header from C:\Windows\System32\bcrypt.dll
[0110/021958.142:ERROR:process_memory_win.cc(73)] ReadMemory at 0x7ffe6eed0000 of 64 bytes failed: Only part of a ReadProcessMemory or WriteProcessMemory request was completed. (0x12B)
[0110/021958.142:WARNING:pe_image_reader.cc(340)] could not read dos header from C:\Windows\SYSTEM32\WINHTTP.dll
[0110/021958.142:ERROR:process_memory_win.cc(73)] ReadMemory at 0x7ffe6ed80000 of 64 bytes failed: Only part of a ReadProcessMemory or WriteProcessMemory request was completed. (0x12B)
[0110/021958.142:WARNING:pe_image_reader.cc(340)] could not read dos header from C:\Windows\SYSTEM32\dhcpcsvc.DLL
[0110/021958.142:ERROR:process_memory_win.cc(73)] ReadMemory at 0x1e309580000 of 64 bytes failed: Only part of a ReadProcessMemory or WriteProcessMemory request was completed. (0x12B)
[0110/021958.146:WARNING:pe_image_reader.cc(340)] could not read dos header from C:\Windows\System32\NSI.dll
[0110/021958.146:ERROR:process_memory_win.cc(73)] ReadMemory at 0x7ffe76430000 of 64 bytes failed: Only part of a ReadProcessMemory or WriteProcessMemory request was completed. (0x12B)
[0110/021958.146:WARNING:pe_image_reader.cc(340)] could not read dos header from C:\Windows\SYSTEM32\WINMMBASE.dll
[0110/021958.146:ERROR:process_memory_win.cc(73)] ReadMemory at 0x7ffe783e0000 of 64 bytes failed: Only part of a ReadProcessMemory or WriteProcessMemory request was completed. (0x12B)
[0110/021958.146:WARNING:pe_image_reader.cc(340)] could not read dos header from C:\Windows\System32\cfgmgr32.dll
[0110/021958.146:ERROR:process_memory_win.cc(73)] ReadMemory at 0x7ffe6e620000 of 64 bytes failed: Only part of a ReadProcessMemory or WriteProcessMemory request was completed. (0x12B)
[0110/021958.146:WARNING:pe_image_reader.cc(340)] could not read dos header from C:\Windows\SYSTEM32\Bcp47Langs.dll
[0110/021958.146:ERROR:process_memory_win.cc(73)] ReadMemory at 0x7ffe75c30000 of 64 bytes failed: Only part of a ReadProcessMemory or WriteProcessMemory request was completed. (0x12B)
[0110/021958.146:WARNING:pe_image_reader.cc(340)] could not read dos header from C:\Windows\SYSTEM32\PROPSYS.dll
[0110/021958.146:ERROR:process_memory_win.cc(73)] ReadMemory at 0x7ffe7b170000 of 64 bytes failed: Only part of a ReadProcessMemory or WriteProcessMemory request was completed. (0x12B)
[0110/021958.146:WARNING:pe_image_reader.cc(340)] could not read dos header from C:\Windows\System32\shcore.dll
[0110/021958.146:ERROR:process_memory_win.cc(73)] ReadMemory at 0x7ffe78240000 of 64 bytes failed: Only part of a ReadProcessMemory or WriteProcessMemory request was completed. (0x12B)
[0110/021958.146:WARNING:pe_image_reader.cc(340)] could not read dos header from C:\Windows\SYSTEM32\SSPICLI.DLL
[0110/021958.146:ERROR:process_memory_win.cc(73)] ReadMemory at 0x7ffe77cf0000 of 64 bytes failed: Only part of a ReadProcessMemory or WriteProcessMemory request was completed. (0x12B)
[0110/021958.146:WARNING:pe_image_reader.cc(340)] could not read dos header from C:\Windows\SYSTEM32\CRYPTBASE.DLL
[0110/021958.321:ERROR:process_memory_win.cc(73)] ReadMemory at 0x64101f7000 of 36864 bytes failed: Only part of a ReadProcessMemory or WriteProcessMemory request was completed. (0x12B)
[0110/021958.325:ERROR:process_memory_win.cc(73)] ReadMemory at 0x64109fe000 of 8192 bytes failed: Only part of a ReadProcessMemory or WriteProcessMemory request was completed. (0x12B)
[0110/021958.325:ERROR:process_memory_win.cc(73)] ReadMemory at 0x64111fe000 of 8192 bytes failed: Only part of a ReadProcessMemory or WriteProcessMemory request was completed. (0x12B)
[0110/021958.325:ERROR:process_memory_win.cc(73)] ReadMemory at 0x64119fe000 of 8192 bytes failed: Only part of a ReadProcessMemory or WriteProcessMemory request was completed. (0x12B)
[0110/021958.325:ERROR:process_memory_win.cc(73)] ReadMemory at 0x64121fd000 of 12288 bytes failed: Only part of a ReadProcessMemory or WriteProcessMemory request was completed. (0x12B)
[0110/021958.325:ERROR:process_memory_win.cc(73)] ReadMemory at 0x64129fe000 of 8192 bytes failed: Only part of a ReadProcessMemory or WriteProcessMemory request was completed. (0x12B)
[0110/021958.325:ERROR:process_memory_win.cc(73)] ReadMemory at 0x64131fe000 of 8192 bytes failed: Only part of a ReadProcessMemory or WriteProcessMemory request was completed. (0x12B)
[0110/021958.325:ERROR:process_memory_win.cc(73)] ReadMemory at 0x64139fc000 of 16384 bytes failed: Only part of a ReadProcessMemory or WriteProcessMemory request was completed. (0x12B)
[0110/021958.325:ERROR:process_memory_win.cc(73)] ReadMemory at 0x64149fe000 of 8192 bytes failed: Only part of a ReadProcessMemory or WriteProcessMemory request was completed. (0x12B)
[0110/021958.325:ERROR:process_memory_win.cc(73)] ReadMemory at 0x64151fd000 of 12288 bytes failed: Only part of a ReadProcessMemory or WriteProcessMemory request was completed. (0x12B)
[0110/021958.325:ERROR:process_memory_win.cc(73)] ReadMemory at 0x64159fe000 of 8192 bytes failed: Only part of a ReadProcessMemory or WriteProcessMemory request was completed. (0x12B)
[0110/021958.325:ERROR:process_memory_win.cc(73)] ReadMemory at 0x64141ff000 of 4096 bytes failed: Only part of a ReadProcessMemory or WriteProcessMemory request was completed. (0x12B)
[0110/021958.325:ERROR:process_memory_win.cc(73)] ReadMemory at 0x640f9bb000 of 852 bytes failed: Only part of a ReadProcessMemory or WriteProcessMemory request was completed. (0x12B)
[0110/021958.325:ERROR:process_memory_win.cc(73)] ReadMemory at 0x640f9bc000 of 6024 bytes failed: Only part of a ReadProcessMemory or WriteProcessMemory request was completed. (0x12B)
[0110/021958.325:ERROR:process_memory_win.cc(73)] ReadMemory at 0x640f9be000 of 6024 bytes failed: Only part of a ReadProcessMemory or WriteProcessMemory request was completed. (0x12B)
[0110/021958.325:ERROR:process_memory_win.cc(73)] ReadMemory at 0x640f9c0000 of 6024 bytes failed: Only part of a ReadProcessMemory or WriteProcessMemory request was completed. (0x12B)
[0110/021958.325:ERROR:process_memory_win.cc(73)] ReadMemory at 0x640f9c2000 of 6024 bytes failed: Only part of a ReadProcessMemory or WriteProcessMemory request was completed. (0x12B)
[0110/021958.325:ERROR:process_memory_win.cc(73)] ReadMemory at 0x640f9c4000 of 6024 bytes failed: Only part of a ReadProcessMemory or WriteProcessMemory request was completed. (0x12B)
[0110/021958.325:ERROR:process_memory_win.cc(73)] ReadMemory at 0x640f9c6000 of 6024 bytes failed: Only part of a ReadProcessMemory or WriteProcessMemory request was completed. (0x12B)
[0110/021958.325:ERROR:process_memory_win.cc(73)] ReadMemory at 0x640f9c8000 of 6024 bytes failed: Only part of a ReadProcessMemory or WriteProcessMemory request was completed. (0x12B)
[0110/021958.325:ERROR:process_memory_win.cc(73)] ReadMemory at 0x640f9ca000 of 6024 bytes failed: Only part of a ReadProcessMemory or WriteProcessMemory request was completed. (0x12B)
[0110/021958.325:ERROR:process_memory_win.cc(73)] ReadMemory at 0x640f9ce000 of 6024 bytes failed: Only part of a ReadProcessMemory or WriteProcessMemory request was completed. (0x12B)
[0110/021958.329:ERROR:process_memory_win.cc(73)] ReadMemory at 0x640f9d0000 of 6024 bytes failed: Only part of a ReadProcessMemory or WriteProcessMemory request was completed. (0x12B)
[0110/021958.329:ERROR:process_memory_win.cc(73)] ReadMemory at 0x640f9d2000 of 6024 bytes failed: Only part of a ReadProcessMemory or WriteProcessMemory request was completed. (0x12B)
[0110/021958.329:ERROR:process_memory_win.cc(73)] ReadMemory at 0x640f9d6000 of 6024 bytes failed: Only part of a ReadProcessMemory or WriteProcessMemory request was completed. (0x12B)
[0110/021958.329:ERROR:process_memory_win.cc(73)] ReadMemory at 0x1e309550c40 of 608 bytes failed: Only part of a ReadProcessMemory or WriteProcessMemory request was completed. (0x12B)
[0110/021958.329:ERROR:process_memory_win.cc(73)] ReadMemory at 0x1e309550ee0 of 720 bytes failed: Only part of a ReadProcessMemory or WriteProcessMemory request was completed. (0x12B)
[0110/021958.329:ERROR:process_memory_win.cc(73)] ReadMemory at 0x1e3095a0fe0 of 15882 bytes failed: Only part of a ReadProcessMemory or WriteProcessMemory request was completed. (0x12B)
[0110/021958.329:ERROR:process_memory_win.cc(73)] ReadMemory at 0x1e3095a4e00 of 1012 bytes failed: Only part of a ReadProcessMemory or WriteProcessMemory request was completed. (0x12B)
[0110/021958.329:ERROR:process_memory_win.cc(73)] ReadMemory at 0x1e3095a5428 of 118 bytes failed: Only part of a ReadProcessMemory or WriteProcessMemory request was completed. (0x12B)
[0110/021958.329:ERROR:process_memory_win.cc(73)] ReadMemory at 0x1e3095a54a0 of 704 bytes failed: Only part of a ReadProcessMemory or WriteProcessMemory request was completed. (0x12B)
[0110/021958.329:ERROR:process_memory_win.cc(73)] ReadMemory at 0x1e3095a5762 of 118 bytes failed: Only part of a ReadProcessMemory or WriteProcessMemory request was completed. (0x12B)
[0110/021958.329:ERROR:process_memory_win.cc(73)] ReadMemory at 0x1e3095a57da of 102 bytes failed: Only part of a ReadProcessMemory or WriteProcessMemory request was completed. (0x12B)
[0110/021958.329:ERROR:process_memory_win.cc(73)] ReadMemory at 0x1e3095a5850 of 58 bytes failed: Only part of a ReadProcessMemory or WriteProcessMemory request was completed. (0x12B)
[0110/021958.329:ERROR:process_memory_win.cc(73)] ReadMemory at 0x1e3095a5950 of 132 bytes failed: Only part of a ReadProcessMemory or WriteProcessMemory request was completed. (0x12B)
[0110/021958.329:ERROR:process_memory_win.cc(73)] ReadMemory at 0x1e3095a5ae0 of 132 bytes failed: Only part of a ReadProcessMemory or WriteProcessMemory request was completed. (0x12B)
[0110/021958.329:ERROR:process_memory_win.cc(73)] ReadMemory at 0x1e3095a5ca0 of 124 bytes failed: Only part of a ReadProcessMemory or WriteProcessMemory request was completed. (0x12B)
[0110/021958.329:ERROR:process_memory_win.cc(73)] ReadMemory at 0x1e3095a61a0 of 132 bytes failed: Only part of a ReadProcessMemory or WriteProcessMemory request was completed. (0x12B)
[0110/021958.329:ERROR:process_memory_win.cc(73)] ReadMemory at 0x1e3095a6330 of 64 bytes failed: Only part of a ReadProcessMemory or WriteProcessMemory request was completed. (0x12B)
[0110/021958.329:ERROR:process_memory_win.cc(73)] ReadMemory at 0x1e3095a64f0 of 132 bytes failed: Only part of a ReadProcessMemory or WriteProcessMemory request was completed. (0x12B)
[0110/021958.334:ERROR:process_memory_win.cc(73)] ReadMemory at 0x1e3095a6790 of 132 bytes failed: Only part of a ReadProcessMemory or WriteProcessMemory request was completed. (0x12B)
[0110/021958.334:ERROR:process_memory_win.cc(73)] ReadMemory at 0x1e3095a6920 of 68 bytes failed: Only part of a ReadProcessMemory or WriteProcessMemory request was completed. (0x12B)
[0110/021958.334:ERROR:process_memory_win.cc(73)] ReadMemory at 0x1e3095a78c0 of 132 bytes failed: Only part of a ReadProcessMemory or WriteProcessMemory request was completed. (0x12B)
[0110/021958.334:ERROR:process_memory_win.cc(73)] ReadMemory at 0x1e3095a7a50 of 152 bytes failed: Only part of a ReadProcessMemory or WriteProcessMemory request was completed. (0x12B)
[0110/021958.334:ERROR:process_memory_win.cc(73)] ReadMemory at 0x1e3095a8820 of 132 bytes failed: Only part of a ReadProcessMemory or WriteProcessMemory request was completed. (0x12B)
[0110/021958.334:ERROR:process_memory_win.cc(73)] ReadMemory at 0x1e3095a89b0 of 60 bytes failed: Only part of a ReadProcessMemory or WriteProcessMemory request was completed. (0x12B)
[0110/021958.334:ERROR:process_memory_win.cc(73)] ReadMemory at 0x1e3095a8f50 of 62 bytes failed: Only part of a ReadProcessMemory or WriteProcessMemory request was completed. (0x12B)
[0110/021958.334:ERROR:process_memory_win.cc(73)] ReadMemory at 0x1e3095b82b0 of 60 bytes failed: Only part of a ReadProcessMemory or WriteProcessMemory request was completed. (0x12B)
[0110/021958.334:ERROR:process_memory_win.cc(73)] ReadMemory at 0x1e3095b88f0 of 62 bytes failed: Only part of a ReadProcessMemory or WriteProcessMemory request was completed. (0x12B)
[0110/021958.334:ERROR:process_memory_win.cc(73)] ReadMemory at 0x1e3095b8ad0 of 64 bytes failed: Only part of a ReadProcessMemory or WriteProcessMemory request was completed. (0x12B)
[0110/021958.334:ERROR:process_memory_win.cc(73)] ReadMemory at 0x1e3095b8b20 of 64 bytes failed: Only part of a ReadProcessMemory or WriteProcessMemory request was completed. (0x12B)
[0110/021958.334:ERROR:process_memory_win.cc(73)] ReadMemory at 0x1e3095b8c10 of 60 bytes failed: Only part of a ReadProcessMemory or WriteProcessMemory request was completed. (0x12B)
[0110/021958.334:ERROR:process_memory_win.cc(73)] ReadMemory at 0x1e3095b8c60 of 62 bytes failed: Only part of a ReadProcessMemory or WriteProcessMemory request was completed. (0x12B)
[0110/021958.338:ERROR:process_memory_win.cc(73)] ReadMemory at 0x1e3095b8cb0 of 64 bytes failed: Only part of a ReadProcessMemory or WriteProcessMemory request was completed. (0x12B)
[0110/021958.338:ERROR:process_memory_win.cc(73)] ReadMemory at 0x1e3095b8d50 of 64 bytes failed: Only part of a ReadProcessMemory or WriteProcessMemory request was completed. (0x12B)
[0110/021958.338:ERROR:process_memory_win.cc(73)] ReadMemory at 0x1e3095b8e90 of 64 bytes failed: Only part of a ReadProcessMemory or WriteProcessMemory request was completed. (0x12B)
[0110/021958.338:ERROR:process_memory_win.cc(73)] ReadMemory at 0x1e3095b8ee0 of 62 bytes failed: Only part of a ReadProcessMemory or WriteProcessMemory request was completed. (0x12B)
[0110/021958.338:ERROR:process_memory_win.cc(73)] ReadMemory at 0x1e3095b8f80 of 60 bytes failed: Only part of a ReadProcessMemory or WriteProcessMemory request was completed. (0x12B)
[0110/021958.338:ERROR:process_memory_win.cc(73)] ReadMemory at 0x1e3095b8fd0 of 66 bytes failed: Only part of a ReadProcessMemory or WriteProcessMemory request was completed. (0x12B)
[0110/021958.338:ERROR:process_memory_win.cc(73)] ReadMemory at 0x1e3095b9070 of 62 bytes failed: Only part of a ReadProcessMemory or WriteProcessMemory request was completed. (0x12B)
[0110/021958.338:ERROR:process_memory_win.cc(73)] ReadMemory at 0x1e3095bbd60 of 132 bytes failed: Only part of a ReadProcessMemory or WriteProcessMemory request was completed. (0x12B)
[0110/021958.338:ERROR:process_memory_win.cc(73)] ReadMemory at 0x1e3095bc8b0 of 132 bytes failed: Only part of a ReadProcessMemory or WriteProcessMemory request was completed. (0x12B)
[0110/021958.338:ERROR:process_memory_win.cc(73)] ReadMemory at 0x1e3095bca90 of 144 bytes failed: Only part of a ReadProcessMemory or WriteProcessMemory request was completed. (0x12B)
[0110/021958.338:ERROR:process_memory_win.cc(73)] ReadMemory at 0x1e3095bcbd0 of 132 bytes failed: Only part of a ReadProcessMemory or WriteProcessMemory request was completed. (0x12B)
[0110/021958.338:ERROR:process_memory_win.cc(73)] ReadMemory at 0x1e3095bd0e0 of 80 bytes failed: Only part of a ReadProcessMemory or WriteProcessMemory request was completed. (0x12B)
[0110/021958.338:ERROR:process_memory_win.cc(73)] ReadMemory at 0x1e3095bdce0 of 76 bytes failed: Only part of a ReadProcessMemory or WriteProcessMemory request was completed. (0x12B)
[0110/021958.338:ERROR:process_memory_win.cc(73)] ReadMemory at 0x1e3095c0180 of 80 bytes failed: Only part of a ReadProcessMemory or WriteProcessMemory request was completed. (0x12B)
[0110/021958.338:ERROR:process_memory_win.cc(73)] ReadMemory at 0x1e3095c2020 of 132 bytes failed: Only part of a ReadProcessMemory or WriteProcessMemory request was completed. (0x12B)
[0110/021958.338:ERROR:process_memory_win.cc(73)] ReadMemory at 0x1e3095c2280 of 132 bytes failed: Only part of a ReadProcessMemory or WriteProcessMemory request was completed. (0x12B)
[0110/021958.338:ERROR:process_memory_win.cc(73)] ReadMemory at 0x1e3095c23b0 of 132 bytes failed: Only part of a ReadProcessMemory or WriteProcessMemory request was completed. (0x12B)
[0110/021958.338:ERROR:process_memory_win.cc(73)] ReadMemory at 0x1e3095c24e0 of 132 bytes failed: Only part of a ReadProcessMemory or WriteProcessMemory request was completed. (0x12B)
[0110/021958.338:ERROR:process_memory_win.cc(73)] ReadMemory at 0x1e3095c2610 of 132 bytes failed: Only part of a ReadProcessMemory or WriteProcessMemory request was completed. (0x12B)
[0110/021958.338:ERROR:process_memory_win.cc(73)] ReadMemory at 0x1e3095c2740 of 132 bytes failed: Only part of a ReadProcessMemory or WriteProcessMemory request was completed. (0x12B)
[0110/021958.338:ERROR:process_memory_win.cc(73)] ReadMemory at 0x1e3095c2870 of 132 bytes failed: Only part of a ReadProcessMemory or WriteProcessMemory request was completed. (0x12B)
[0110/021958.338:ERROR:process_memory_win.cc(73)] ReadMemory at 0x1e3095c29a0 of 132 bytes failed: Only part of a ReadProcessMemory or WriteProcessMemory request was completed. (0x12B)
[0110/021958.338:ERROR:process_memory_win.cc(73)] ReadMemory at 0x1e3095c2ad0 of 132 bytes failed: Only part of a ReadProcessMemory or WriteProcessMemory request was completed. (0x12B)
[0110/021958.338:ERROR:process_memory_win.cc(73)] ReadMemory at 0x1e3095c2c00 of 132 bytes failed: Only part of a ReadProcessMemory or WriteProcessMemory request was completed. (0x12B)
[0110/021958.338:ERROR:process_memory_win.cc(73)] ReadMemory at 0x1e3095c2d30 of 132 bytes failed: Only part of a ReadProcessMemory or WriteProcessMemory request was completed. (0x12B)
[0110/021958.338:ERROR:process_memory_win.cc(73)] ReadMemory at 0x1e3095c2e60 of 132 bytes failed: Only part of a ReadProcessMemory or WriteProcessMemory request was completed. (0x12B)
[0110/021958.338:ERROR:process_memory_win.cc(73)] ReadMemory at 0x1e3095c4700 of 54 bytes failed: Only part of a ReadProcessMemory or WriteProcessMemory request was completed. (0x12B)
[0110/021958.338:ERROR:process_memory_win.cc(73)] ReadMemory at 0x1e3095c5d30 of 132 bytes failed: Only part of a ReadProcessMemory or WriteProcessMemory request was completed. (0x12B)
[0110/021958.338:ERROR:process_memory_win.cc(73)] ReadMemory at 0x1e3095c7bb0 of 132 bytes failed: Only part of a ReadProcessMemory or WriteProcessMemory request was completed. (0x12B)
[0110/021958.342:ERROR:process_memory_win.cc(73)] ReadMemory at 0x1e3095c7fb0 of 132 bytes failed: Only part of a ReadProcessMemory or WriteProcessMemory request was completed. (0x12B)
[0110/021958.342:ERROR:process_memory_win.cc(73)] ReadMemory at 0x1e3095ca400 of 132 bytes failed: Only part of a ReadProcessMemory or WriteProcessMemory request was completed. (0x12B)
[0110/021958.342:ERROR:process_memory_win.cc(73)] ReadMemory at 0x1e3095ca720 of 132 bytes failed: Only part of a ReadProcessMemory or WriteProcessMemory request was completed. (0x12B)
[0110/021958.342:ERROR:process_memory_win.cc(73)] ReadMemory at 0x1e3095ca940 of 132 bytes failed: Only part of a ReadProcessMemory or WriteProcessMemory request was completed. (0x12B)
[0110/021958.342:ERROR:process_memory_win.cc(73)] ReadMemory at 0x1e3095caca0 of 132 bytes failed: Only part of a ReadProcessMemory or WriteProcessMemory request was completed. (0x12B)
[0110/021958.342:ERROR:process_memory_win.cc(73)] ReadMemory at 0x1e3095cafd0 of 132 bytes failed: Only part of a ReadProcessMemory or WriteProcessMemory request was completed. (0x12B)
[0110/021958.342:ERROR:process_memory_win.cc(73)] ReadMemory at 0x1e3095cb230 of 132 bytes failed: Only part of a ReadProcessMemory or WriteProcessMemory request was completed. (0x12B)
[0110/021958.342:ERROR:process_memory_win.cc(73)] ReadMemory at 0x1e3095cb360 of 132 bytes failed: Only part of a ReadProcessMemory or WriteProcessMemory request was completed. (0x12B)
[0110/021958.342:ERROR:process_memory_win.cc(73)] ReadMemory at 0x1e3095cbbb0 of 132 bytes failed: Only part of a ReadProcessMemory or WriteProcessMemory request was completed. (0x12B)
[0110/021958.342:ERROR:process_memory_win.cc(73)] ReadMemory at 0x1e3095cbf40 of 132 bytes failed: Only part of a ReadProcessMemory or WriteProcessMemory request was completed. (0x12B)
[0110/021958.342:ERROR:process_memory_win.cc(73)] ReadMemory at 0x1e3095cc070 of 132 bytes failed: Only part of a ReadProcessMemory or WriteProcessMemory request was completed. (0x12B)
[0110/021958.342:ERROR:process_memory_win.cc(73)] ReadMemory at 0x1e3095cc530 of 132 bytes failed: Only part of a ReadProcessMemory or WriteProcessMemory request was completed. (0x12B)
[0110/021958.342:ERROR:process_memory_win.cc(73)] ReadMemory at 0x1e3095cc8c0 of 132 bytes failed: Only part of a ReadProcessMemory or WriteProcessMemory request was completed. (0x12B)
[0110/021958.342:ERROR:process_memory_win.cc(73)] ReadMemory at 0x1e3095cc9f0 of 132 bytes failed: Only part of a ReadProcessMemory or WriteProcessMemory request was completed. (0x12B)
[0110/021958.342:ERROR:process_memory_win.cc(73)] ReadMemory at 0x1e3095ccb20 of 132 bytes failed: Only part of a ReadProcessMemory or WriteProcessMemory request was completed. (0x12B)
[0110/021958.342:ERROR:process_memory_win.cc(73)] ReadMemory at 0x1e3095ccd80 of 132 bytes failed: Only part of a ReadProcessMemory or WriteProcessMemory request was completed. (0x12B)
[0110/021958.342:ERROR:process_memory_win.cc(73)] ReadMemory at 0x1e3095ccfe0 of 64 bytes failed: Only part of a ReadProcessMemory or WriteProcessMemory request was completed. (0x12B)
[0110/021958.342:ERROR:process_memory_win.cc(73)] ReadMemory at 0x1e3095cd080 of 60 bytes failed: Only part of a ReadProcessMemory or WriteProcessMemory request was completed. (0x12B)
[0110/021958.342:ERROR:process_memory_win.cc(73)] ReadMemory at 0x1e3095cd210 of 62 bytes failed: Only part of a ReadProcessMemory or WriteProcessMemory request was completed. (0x12B)
[0110/021958.342:ERROR:process_memory_win.cc(73)] ReadMemory at 0x1e3095cd260 of 62 bytes failed: Only part of a ReadProcessMemory or WriteProcessMemory request was completed. (0x12B)
[0110/021958.342:ERROR:process_memory_win.cc(73)] ReadMemory at 0x1e3095cd2b0 of 64 bytes failed: Only part of a ReadProcessMemory or WriteProcessMemory request was completed. (0x12B)
[0110/021958.346:ERROR:process_memory_win.cc(73)] ReadMemory at 0x1e3095cd300 of 68 bytes failed: Only part of a ReadProcessMemory or WriteProcessMemory request was completed. (0x12B)
[0110/021958.346:ERROR:process_memory_win.cc(73)] ReadMemory at 0x1e3095cd3a0 of 60 bytes failed: Only part of a ReadProcessMemory or WriteProcessMemory request was completed. (0x12B)
[0110/021958.346:ERROR:process_memory_win.cc(73)] ReadMemory at 0x1e3095cd490 of 66 bytes failed: Only part of a ReadProcessMemory or WriteProcessMemory request was completed. (0x12B)
[0110/021958.346:ERROR:process_memory_win.cc(73)] ReadMemory at 0x1e3095cd4e0 of 64 bytes failed: Only part of a ReadProcessMemory or WriteProcessMemory request was completed. (0x12B)
[0110/021958.346:ERROR:process_memory_win.cc(73)] ReadMemory at 0x1e3095cd530 of 60 bytes failed: Only part of a ReadProcessMemory or WriteProcessMemory request was completed. (0x12B)
[0110/021958.346:ERROR:process_memory_win.cc(73)] ReadMemory at 0x1e3095cd5d0 of 58 bytes failed: Only part of a ReadProcessMemory or WriteProcessMemory request was completed. (0x12B)
[0110/021958.346:ERROR:process_memory_win.cc(73)] ReadMemory at 0x1e3095cd620 of 62 bytes failed: Only part of a ReadProcessMemory or WriteProcessMemory request was completed. (0x12B)
[0110/021958.346:ERROR:process_memory_win.cc(73)] ReadMemory at 0x1e3095cd6c0 of 62 bytes failed: Only part of a ReadProcessMemory or WriteProcessMemory request was completed. (0x12B)
[0110/021958.346:ERROR:process_memory_win.cc(73)] ReadMemory at 0x1e3095cda30 of 62 bytes failed: Only part of a ReadProcessMemory or WriteProcessMemory request was completed. (0x12B)
[0110/021958.346:ERROR:process_memory_win.cc(73)] ReadMemory at 0x1e3095cdb70 of 62 bytes failed: Only part of a ReadProcessMemory or WriteProcessMemory request was completed. (0x12B)
[0110/021958.346:ERROR:process_memory_win.cc(73)] ReadMemory at 0x1e3095e2b70 of 512 bytes failed: Only part of a ReadProcessMemory or WriteProcessMemory request was completed. (0x12B)
[0110/021958.346:ERROR:process_memory_win.cc(73)] ReadMemory at 0x1e30961cda0 of 512 bytes failed: Only part of a ReadProcessMemory or WriteProcessMemory request was completed. (0x12B)
[0110/021958.346:ERROR:process_memory_win.cc(73)] ReadMemory at 0x1e30961dd50 of 640 bytes failed: Only part of a ReadProcessMemory or WriteProcessMemory request was completed. (0x12B)
[0110/021958.346:ERROR:process_memory_win.cc(73)] ReadMemory at 0x1e309638f20 of 512 bytes failed: Only part of a ReadProcessMemory or WriteProcessMemory request was completed. (0x12B)
[0110/021958.346:ERROR:process_memory_win.cc(73)] ReadMemory at 0x1e30963f5a0 of 512 bytes failed: Only part of a ReadProcessMemory or WriteProcessMemory request was completed. (0x12B)
[0110/021958.346:ERROR:process_memory_win.cc(73)] ReadMemory at 0x1e309646fb0 of 712 bytes failed: Only part of a ReadProcessMemory or WriteProcessMemory request was completed. (0x12B)
[0110/021958.346:ERROR:process_memory_win.cc(73)] ReadMemory at 0x1e309669710 of 512 bytes failed: Only part of a ReadProcessMemory or WriteProcessMemory request was completed. (0x12B)
[0110/021958.346:ERROR:process_memory_win.cc(73)] ReadMemory at 0x1e30966af70 of 512 bytes failed: Only part of a ReadProcessMemory or WriteProcessMemory request was completed. (0x12B)
[0110/021958.346:ERROR:process_memory_win.cc(73)] ReadMemory at 0x1e30966d550 of 512 bytes failed: Only part of a ReadProcessMemory or WriteProcessMemory request was completed. (0x12B)
[0110/021958.346:ERROR:process_memory_win.cc(73)] ReadMemory at 0x1e3096835a2 of 612 bytes failed: Only part of a ReadProcessMemory or WriteProcessMemory request was completed. (0x12B)
[0110/021958.346:ERROR:process_memory_win.cc(73)] ReadMemory at 0x1e30b096258 of 512 bytes failed: Only part of a ReadProcessMemory or WriteProcessMemory request was completed. (0x12B)
[0110/021958.346:ERROR:process_memory_win.cc(73)] ReadMemory at 0x1e30b097578 of 512 bytes failed: Only part of a ReadProcessMemory or WriteProcessMemory request was completed. (0x12B)
[0110/021958.346:ERROR:process_memory_win.cc(73)] ReadMemory at 0x1e30b09d0a0 of 512 bytes failed: Only part of a ReadProcessMemory or WriteProcessMemory request was completed. (0x12B)
[0110/021958.346:ERROR:process_memory_win.cc(73)] ReadMemory at 0x1e30b0b8090 of 512 bytes failed: Only part of a ReadProcessMemory or WriteProcessMemory request was completed. (0x12B)
[0110/021958.346:ERROR:process_memory_win.cc(73)] ReadMemory at 0x1e30b11fec0 of 512 bytes failed: Only part of a ReadProcessMemory or WriteProcessMemory request was completed. (0x12B)
[0110/021958.346:ERROR:process_memory_win.cc(73)] ReadMemory at 0x1e30b3cfaa0 of 512 bytes failed: Only part of a ReadProcessMemory or WriteProcessMemory request was completed. (0x12B)
[0110/021958.346:ERROR:process_memory_win.cc(73)] ReadMemory at 0x1e30b47dee0 of 512 bytes failed: Only part of a ReadProcessMemory or WriteProcessMemory request was completed. (0x12B)
[0110/021958.346:ERROR:process_memory_win.cc(73)] ReadMemory at 0x1e30b4dd0d0 of 512 bytes failed: Only part of a ReadProcessMemory or WriteProcessMemory request was completed. (0x12B)
[0110/021958.346:ERROR:process_memory_win.cc(73)] ReadMemory at 0x1e30b558560 of 512 bytes failed: Only part of a ReadProcessMemory or WriteProcessMemory request was completed. (0x12B)
[0110/021958.346:ERROR:process_memory_win.cc(73)] ReadMemory at 0x1e30c400000 of 512 bytes failed: Only part of a ReadProcessMemory or WriteProcessMemory request was completed. (0x12B)
[0110/021958.346:ERROR:process_memory_win.cc(73)] ReadMemory at 0x3c2300000000 of 384 bytes failed: Only part of a ReadProcessMemory or WriteProcessMemory request was completed. (0x12B)
[0110/021958.346:ERROR:process_memory_win.cc(73)] ReadMemory at 0x3c23000c4f7d of 512 bytes failed: Only part of a ReadProcessMemory or WriteProcessMemory request was completed. (0x12B)
[0110/021958.346:ERROR:process_memory_win.cc(73)] ReadMemory at 0x3c2308094725 of 544 bytes failed: Only part of a ReadProcessMemory or WriteProcessMemory request was completed. (0x12B)
[0110/021958.350:ERROR:process_memory_win.cc(73)] ReadMemory at 0x3c2308279a91 of 512 bytes failed: Only part of a ReadProcessMemory or WriteProcessMemory request was completed. (0x12B)
[0110/021958.350:ERROR:process_memory_win.cc(73)] ReadMemory at 0x3c23082e2871 of 532 bytes failed: Only part of a ReadProcessMemory or WriteProcessMemory request was completed. (0x12B)
[0110/021958.350:ERROR:process_memory_win.cc(73)] ReadMemory at 0x7ffe2497c000 of 512 bytes failed: Only part of a ReadProcessMemory or WriteProcessMemory request was completed. (0x12B)
[0110/021958.350:ERROR:process_memory_win.cc(73)] ReadMemory at 0x7ffe2a58f688 of 512 bytes failed: Only part of a ReadProcessMemory or WriteProcessMemory request was completed. (0x12B)
[0110/021958.350:ERROR:process_memory_win.cc(73)] ReadMemory at 0x7ffe719ea220 of 512 bytes failed: Only part of a ReadProcessMemory or WriteProcessMemory request was completed. (0x12B)
[0110/021958.350:ERROR:process_memory_win.cc(73)] ReadMemory at 0x7ffe719ea917 of 512 bytes failed: Only part of a ReadProcessMemory or WriteProcessMemory request was completed. (0x12B)
[0110/021958.350:ERROR:process_memory_win.cc(73)] ReadMemory at 0x7ffe79bc21f0 of 512 bytes failed: Only part of a ReadProcessMemory or WriteProcessMemory request was completed. (0x12B)
[0110/021958.350:ERROR:process_memory_win.cc(73)] ReadMemory at 0x7ffe7c3461a0 of 512 bytes failed: Only part of a ReadProcessMemory or WriteProcessMemory request was completed. (0x12B)
[0110/021958.350:ERROR:process_memory_win.cc(73)] ReadMemory at 0x7ffe7c3cf184 of 672 bytes failed: Only part of a ReadProcessMemory or WriteProcessMemory request was completed. (0x12B)
[0110/021958.350:ERROR:process_memory_win.cc(73)] ReadMemory at 0x7ffe7c3d2a14 of 608 bytes failed: Only part of a ReadProcessMemory or WriteProcessMemory request was completed. (0x12B)
[0110/021958.350:ERROR:process_memory_win.cc(73)] ReadMemory at 0x7ffe7c45c0d8 of 18 bytes failed: Only part of a ReadProcessMemory or WriteProcessMemory request was completed. (0x12B)
[0110/021958.350:ERROR:process_memory_win.cc(73)] ReadMemory at 0x7ffe7c48f4f8 of 40 bytes failed: Only part of a ReadProcessMemory or WriteProcessMemory request was completed. (0x12B)
[0110/021958.350:ERROR:process_memory_win.cc(73)] ReadMemory at 0x7ffe7c48f978 of 48 bytes failed: Only part of a ReadProcessMemory or WriteProcessMemory request was completed. (0x12B)
[0110/021958.350:ERROR:process_memory_win.cc(73)] ReadMemory at 0x7ffe7c4953a0 of 64 bytes failed: Only part of a ReadProcessMemory or WriteProcessMemory request was completed. (0x12B)
[0110/021958.355:ERROR:scoped_process_suspend.cc(40)] NtResumeProcess: An attempt was made to access an exiting process. (0xc000010a)
[0110/100305.023:ERROR:directory_reader_win.cc(43)] FindFirstFile: The system cannot find the path specified. (0x3)
[0110/103949.779:ERROR:directory_reader_win.cc(43)] FindFirstFile: The system cannot find the path specified. (0x3)
[0110/221757.146:ERROR:directory_reader_win.cc(43)] FindFirstFile: The system cannot find the path specified. (0x3)
[0111/022115.684:ERROR:directory_reader_win.cc(43)] FindFirstFile: The system cannot find the path specified. (0x3)
